template/android/app/build/intermediates/manifest_merge_blame_file/debug/manifest-merger-blame-debug-report.txt
1<?xml version="1.0" encoding="utf-8"?>
2<manifest xmlns:android="http://schemas.android.com/apk/res/android"
3    package="com.reactnativeboilerplate"
4    android:versionCode="1"
5    android:versionName="1.0" >
6
7    <uses-sdk
8        android:minSdkVersion="21"
9        android:targetSdkVersion="31" />
10
11    <uses-permission android:name="android.permission.SYSTEM_ALERT_WINDOW" />
11-->src/debug/AndroidManifest.xml:5:5-77
11-->src/debug/AndroidManifest.xml:5:22-75
12    <uses-permission android:name="android.permission.INTERNET" />
12-->src/main/AndroidManifest.xml:4:5-67
12-->src/main/AndroidManifest.xml:4:22-64
13    <uses-permission android:name="android.permission.ACCESS_WIFI_STATE" />
13-->[com.facebook.flipper:flipper:0.125.0] AndroidManifest.xml:16:5-76
13-->[com.facebook.flipper:flipper:0.125.0] AndroidManifest.xml:16:22-73
14    <uses-permission android:name="android.permission.WAKE_LOCK" />
14-->[:react-native-firebase_messaging] AndroidManifest.xml:10:5-68
14-->[:react-native-firebase_messaging] AndroidManifest.xml:10:22-65
15    <uses-permission android:name="android.permission.ACCESS_NETWORK_STATE" />
15-->[:react-native-firebase_messaging] AndroidManifest.xml:11:5-79
15-->[:react-native-firebase_messaging] AndroidManifest.xml:11:22-76
16    <uses-permission android:name="android.permission.POST_NOTIFICATIONS" /> <!-- Required by older versions of Google Play services to create IID tokens -->
16-->[com.google.firebase:firebase-messaging:23.2.1] AndroidManifest.xml:23:5-77
16-->[com.google.firebase:firebase-messaging:23.2.1] AndroidManifest.xml:23:22-74
17    <uses-permission android:name="com.google.android.c2dm.permission.RECEIVE" />
17-->[com.google.firebase:firebase-messaging:23.2.1] AndroidManifest.xml:26:5-82
17-->[com.google.firebase:firebase-messaging:23.2.1] AndroidManifest.xml:26:22-79
18    <uses-permission android:name="android.permission.RECEIVE_BOOT_COMPLETED" />
18-->[androidx.work:work-runtime:2.8.0] AndroidManifest.xml:25:5-81
18-->[androidx.work:work-runtime:2.8.0] AndroidManifest.xml:25:22-78
19    <uses-permission android:name="android.permission.FOREGROUND_SERVICE" />
19-->[androidx.work:work-runtime:2.8.0] AndroidManifest.xml:26:5-77
19-->[androidx.work:work-runtime:2.8.0] AndroidManifest.xml:26:22-74
20    <uses-permission android:name="android.permission.VIBRATE" />
20-->[app.notifee:core:202108261754] AndroidManifest.xml:13:5-66
20-->[app.notifee:core:202108261754] AndroidManifest.xml:13:22-63
21    <uses-permission android:name="android.permission.USE_FULL_SCREEN_INTENT" />
21-->[app.notifee:core:202108261754] AndroidManifest.xml:16:5-81
21-->[app.notifee:core:202108261754] AndroidManifest.xml:16:22-78
22    <uses-permission android:name="android.permission.SCHEDULE_EXACT_ALARM" />
22-->[app.notifee:core:202108261754] AndroidManifest.xml:17:5-79
22-->[app.notifee:core:202108261754] AndroidManifest.xml:17:22-76
23    <uses-permission
23-->[app.notifee:core:202108261754] AndroidManifest.xml:18:5-20:38
24        android:name="android.permission.BROADCAST_CLOSE_SYSTEM_DIALOGS"
24-->[app.notifee:core:202108261754] AndroidManifest.xml:19:9-73
25        android:maxSdkVersion="30" /> <!-- For Xiaomi devices to enable heads-up notifications as default (https://github.com/invertase/notifee/issues/296) -->
25-->[app.notifee:core:202108261754] AndroidManifest.xml:20:9-35
26    <uses-permission
26-->[app.notifee:core:202108261754] AndroidManifest.xml:22:5-24:38
27        android:name="android.permission.ACCESS_NOTIFICATION_POLICY"
27-->[app.notifee:core:202108261754] AndroidManifest.xml:23:9-69
28        android:minSdkVersion="23" />
28-->[app.notifee:core:202108261754] AndroidManifest.xml:24:9-35
29
30    <application
30-->src/main/AndroidManifest.xml:6:5-25:19
31        android:name="com.reactnativeboilerplate.MainApplication"
31-->src/main/AndroidManifest.xml:7:7-38
32        android:allowBackup="false"
32-->src/main/AndroidManifest.xml:11:7-34
33        android:appComponentFactory="androidx.core.app.CoreComponentFactory"
33-->[androidx.core:core:1.7.0] AndroidManifest.xml:24:18-86
34        android:debuggable="true"
35        android:icon="@mipmap/ic_launcher"
35-->src/main/AndroidManifest.xml:9:7-41
36        android:label="@string/app_name"
36-->src/main/AndroidManifest.xml:8:7-39
37        android:roundIcon="@mipmap/ic_launcher_round"
37-->src/main/AndroidManifest.xml:10:7-52
38        android:testOnly="true"
39        android:theme="@style/AppTheme"
39-->src/main/AndroidManifest.xml:12:7-38
40        android:usesCleartextTraffic="true" >
40-->src/debug/AndroidManifest.xml:8:9-44
41        <activity
41-->src/debug/AndroidManifest.xml:11:9-111
42            android:name="com.facebook.react.devsupport.DevSettingsActivity"
42-->src/debug/AndroidManifest.xml:11:19-83
43            android:exported="false" />
43-->src/debug/AndroidManifest.xml:11:84-108
44        <activity
44-->src/main/AndroidManifest.xml:13:7-24:18
45            android:name="com.reactnativeboilerplate.MainActivity"
45-->src/main/AndroidManifest.xml:14:9-37
46            android:configChanges="keyboard|keyboardHidden|orientation|screenLayout|screenSize|smallestScreenSize|uiMode"
46-->src/main/AndroidManifest.xml:16:9-118
47            android:exported="true"
47-->src/main/AndroidManifest.xml:19:9-32
48            android:label="@string/app_name"
48-->src/main/AndroidManifest.xml:15:9-41
49            android:launchMode="singleTask"
49-->src/main/AndroidManifest.xml:17:9-40
50            android:windowSoftInputMode="adjustResize" >
50-->src/main/AndroidManifest.xml:18:9-51
51            <intent-filter>
51-->src/main/AndroidManifest.xml:20:9-23:25
52                <action android:name="android.intent.action.MAIN" />
52-->src/main/AndroidManifest.xml:21:13-65
52-->src/main/AndroidManifest.xml:21:21-62
53
54                <category android:name="android.intent.category.LAUNCHER" />
54-->src/main/AndroidManifest.xml:22:13-73
54-->src/main/AndroidManifest.xml:22:23-70
55            </intent-filter>
56        </activity>
57
58        <provider
58-->[:notifee_react-native] AndroidManifest.xml:10:9-14:40
59            android:name="io.invertase.notifee.NotifeeInitProvider"
59-->[:notifee_react-native] AndroidManifest.xml:11:13-68
60            android:authorities="com.reactnativeboilerplate.notifee-init-provider"
60-->[:notifee_react-native] AndroidManifest.xml:12:13-73
61            android:exported="false"
61-->[:notifee_react-native] AndroidManifest.xml:13:13-37
62            android:initOrder="-100" />
62-->[:notifee_react-native] AndroidManifest.xml:14:13-37
63
64        <service
64-->[:react-native-firebase_messaging] AndroidManifest.xml:14:9-16:40
65            android:name="io.invertase.firebase.messaging.ReactNativeFirebaseMessagingHeadlessService"
65-->[:react-native-firebase_messaging] AndroidManifest.xml:15:13-103
66            android:exported="false" />
66-->[:react-native-firebase_messaging] AndroidManifest.xml:16:13-37
67        <service
67-->[:react-native-firebase_messaging] AndroidManifest.xml:17:9-23:19
68            android:name="io.invertase.firebase.messaging.ReactNativeFirebaseMessagingService"
68-->[:react-native-firebase_messaging] AndroidManifest.xml:18:13-95
69            android:exported="false" >
69-->[:react-native-firebase_messaging] AndroidManifest.xml:19:13-37
70            <intent-filter>
70-->[:react-native-firebase_messaging] AndroidManifest.xml:20:13-22:29
71                <action android:name="com.google.firebase.MESSAGING_EVENT" />
71-->[:react-native-firebase_messaging] AndroidManifest.xml:21:17-78
71-->[:react-native-firebase_messaging] AndroidManifest.xml:21:25-75
72            </intent-filter>
73        </service>
74
75        <receiver
75-->[:react-native-firebase_messaging] AndroidManifest.xml:25:9-32:20
76            android:name="io.invertase.firebase.messaging.ReactNativeFirebaseMessagingReceiver"
76-->[:react-native-firebase_messaging] AndroidManifest.xml:26:13-96
77            android:exported="true"
77-->[:react-native-firebase_messaging] AndroidManifest.xml:27:13-36
78            android:permission="com.google.android.c2dm.permission.SEND" >
78-->[:react-native-firebase_messaging] AndroidManifest.xml:28:13-73
79            <intent-filter>
79-->[:react-native-firebase_messaging] AndroidManifest.xml:29:13-31:29
80                <action android:name="com.google.android.c2dm.intent.RECEIVE" />
80-->[:react-native-firebase_messaging] AndroidManifest.xml:30:17-81
80-->[:react-native-firebase_messaging] AndroidManifest.xml:30:25-78
81            </intent-filter>
82        </receiver>
83
84        <meta-data
84-->[:react-native-firebase_messaging] AndroidManifest.xml:34:9-36:36
85            android:name="firebase_messaging_auto_init_enabled"
85-->[:react-native-firebase_messaging] AndroidManifest.xml:35:13-64
86            android:value="true" />
86-->[:react-native-firebase_messaging] AndroidManifest.xml:36:13-33
87        <meta-data
87-->[:react-native-firebase_messaging] AndroidManifest.xml:37:9-39:32
88            android:name="com.google.firebase.messaging.default_notification_channel_id"
88-->[:react-native-firebase_messaging] AndroidManifest.xml:38:13-89
89            android:value="" />
89-->[:react-native-firebase_messaging] AndroidManifest.xml:39:13-29
90        <meta-data
90-->[:react-native-firebase_messaging] AndroidManifest.xml:40:9-42:47
91            android:name="com.google.firebase.messaging.default_notification_color"
91-->[:react-native-firebase_messaging] AndroidManifest.xml:41:13-84
92            android:resource="@color/white" />
92-->[:react-native-firebase_messaging] AndroidManifest.xml:42:13-44
93        <meta-data
93-->[:react-native-firebase_app] AndroidManifest.xml:11:9-13:36
94            android:name="app_data_collection_default_enabled"
94-->[:react-native-firebase_app] AndroidManifest.xml:12:13-63
95            android:value="true" />
95-->[:react-native-firebase_app] AndroidManifest.xml:13:13-33
96
97        <service
97-->[:react-native-firebase_app] AndroidManifest.xml:15:9-23:19
98            android:name="com.google.firebase.components.ComponentDiscoveryService"
98-->[:react-native-firebase_app] AndroidManifest.xml:16:13-84
99            android:directBootAware="true"
99-->[:react-native-firebase_app] AndroidManifest.xml:17:13-43
100            android:exported="false" >
100-->[:react-native-firebase_app] AndroidManifest.xml:18:13-37
101            <meta-data
101-->[:react-native-firebase_app] AndroidManifest.xml:20:13-22:85
102                android:name="com.google.firebase.components:io.invertase.firebase.app.ReactNativeFirebaseAppRegistrar"
102-->[:react-native-firebase_app] AndroidManifest.xml:21:17-120
103                android:value="com.google.firebase.components.ComponentRegistrar" />
103-->[:react-native-firebase_app] AndroidManifest.xml:22:17-82
104            <meta-data
104-->[com.google.firebase:firebase-messaging:23.2.1] AndroidManifest.xml:53:13-55:85
105                android:name="com.google.firebase.components:com.google.firebase.messaging.FirebaseMessagingRegistrar"
105-->[com.google.firebase:firebase-messaging:23.2.1] AndroidManifest.xml:54:17-119
106                android:value="com.google.firebase.components.ComponentRegistrar" />
106-->[com.google.firebase:firebase-messaging:23.2.1] AndroidManifest.xml:55:17-82
107            <meta-data
107-->[com.google.firebase:firebase-datatransport:18.1.7] AndroidManifest.xml:27:13-29:85
108                android:name="com.google.firebase.components:com.google.firebase.datatransport.TransportRegistrar"
108-->[com.google.firebase:firebase-datatransport:18.1.7] AndroidManifest.xml:28:17-115
109                android:value="com.google.firebase.components.ComponentRegistrar" />
109-->[com.google.firebase:firebase-datatransport:18.1.7] AndroidManifest.xml:29:17-82
110            <meta-data
110-->[com.google.firebase:firebase-installations:17.1.4] AndroidManifest.xml:15:13-17:85
111                android:name="com.google.firebase.components:com.google.firebase.installations.FirebaseInstallationsRegistrar"
111-->[com.google.firebase:firebase-installations:17.1.4] AndroidManifest.xml:16:17-127
112                android:value="com.google.firebase.components.ComponentRegistrar" />
112-->[com.google.firebase:firebase-installations:17.1.4] AndroidManifest.xml:17:17-82
113        </service>
114
115        <provider
115-->[:react-native-firebase_app] AndroidManifest.xml:25:9-29:38
116            android:name="io.invertase.firebase.app.ReactNativeFirebaseAppInitProvider"
116-->[:react-native-firebase_app] AndroidManifest.xml:26:13-88
117            android:authorities="com.reactnativeboilerplate.reactnativefirebaseappinitprovider"
117-->[:react-native-firebase_app] AndroidManifest.xml:27:13-86
118            android:exported="false"
118-->[:react-native-firebase_app] AndroidManifest.xml:28:13-37
119            android:initOrder="99" />
119-->[:react-native-firebase_app] AndroidManifest.xml:29:13-35
120
121        <receiver
121-->[com.google.firebase:firebase-messaging:23.2.1] AndroidManifest.xml:29:9-36:20
122            android:name="com.google.firebase.iid.FirebaseInstanceIdReceiver"
122-->[com.google.firebase:firebase-messaging:23.2.1] AndroidManifest.xml:30:13-78
123            android:exported="true"
123-->[com.google.firebase:firebase-messaging:23.2.1] AndroidManifest.xml:31:13-36
124            android:permission="com.google.android.c2dm.permission.SEND" >
124-->[com.google.firebase:firebase-messaging:23.2.1] AndroidManifest.xml:32:13-73
125            <intent-filter>
125-->[:react-native-firebase_messaging] AndroidManifest.xml:29:13-31:29
126                <action android:name="com.google.android.c2dm.intent.RECEIVE" />
126-->[:react-native-firebase_messaging] AndroidManifest.xml:30:17-81
126-->[:react-native-firebase_messaging] AndroidManifest.xml:30:25-78
127            </intent-filter>
128        </receiver>
129        <!--
130             FirebaseMessagingService performs security checks at runtime,
131             but set to not exported to explicitly avoid allowing another app to call it.
132        -->
133        <service
133-->[com.google.firebase:firebase-messaging:23.2.1] AndroidManifest.xml:42:9-49:19
134            android:name="com.google.firebase.messaging.FirebaseMessagingService"
134-->[com.google.firebase:firebase-messaging:23.2.1] AndroidManifest.xml:43:13-82
135            android:directBootAware="true"
135-->[com.google.firebase:firebase-messaging:23.2.1] AndroidManifest.xml:44:13-43
136            android:exported="false" >
136-->[com.google.firebase:firebase-messaging:23.2.1] AndroidManifest.xml:45:13-37
137            <intent-filter android:priority="-500" >
137-->[:react-native-firebase_messaging] AndroidManifest.xml:20:13-22:29
138                <action android:name="com.google.firebase.MESSAGING_EVENT" />
138-->[:react-native-firebase_messaging] AndroidManifest.xml:21:17-78
138-->[:react-native-firebase_messaging] AndroidManifest.xml:21:25-75
139            </intent-filter>
140        </service>
141        <service
141-->[com.google.android.datatransport:transport-backend-cct:3.1.8] AndroidManifest.xml:28:9-34:19
142            android:name="com.google.android.datatransport.runtime.backends.TransportBackendDiscovery"
142-->[com.google.android.datatransport:transport-backend-cct:3.1.8] AndroidManifest.xml:29:13-103
143            android:exported="false" >
143-->[com.google.android.datatransport:transport-backend-cct:3.1.8] AndroidManifest.xml:30:13-37
144            <meta-data
144-->[com.google.android.datatransport:transport-backend-cct:3.1.8] AndroidManifest.xml:31:13-33:39
145                android:name="backend:com.google.android.datatransport.cct.CctBackendFactory"
145-->[com.google.android.datatransport:transport-backend-cct:3.1.8] AndroidManifest.xml:32:17-94
146                android:value="cct" />
146-->[com.google.android.datatransport:transport-backend-cct:3.1.8] AndroidManifest.xml:33:17-36
147        </service>
148        <service
148-->[com.google.android.datatransport:transport-runtime:3.1.8] AndroidManifest.xml:26:9-30:19
149            android:name="com.google.android.datatransport.runtime.scheduling.jobscheduling.JobInfoSchedulerService"
149-->[com.google.android.datatransport:transport-runtime:3.1.8] AndroidManifest.xml:27:13-117
150            android:exported="false"
150-->[com.google.android.datatransport:transport-runtime:3.1.8] AndroidManifest.xml:28:13-37
151            android:permission="android.permission.BIND_JOB_SERVICE" >
151-->[com.google.android.datatransport:transport-runtime:3.1.8] AndroidManifest.xml:29:13-69
152        </service>
153
154        <receiver
154-->[com.google.android.datatransport:transport-runtime:3.1.8] AndroidManifest.xml:32:9-34:40
155            android:name="com.google.android.datatransport.runtime.scheduling.jobscheduling.AlarmManagerSchedulerBroadcastReceiver"
155-->[com.google.android.datatransport:transport-runtime:3.1.8] AndroidManifest.xml:33:13-132
156            android:exported="false" />
156-->[com.google.android.datatransport:transport-runtime:3.1.8] AndroidManifest.xml:34:13-37
157
158        <provider
158-->[com.google.firebase:firebase-common:20.3.3] AndroidManifest.xml:25:9-30:39
159            android:name="com.google.firebase.provider.FirebaseInitProvider"
159-->[com.google.firebase:firebase-common:20.3.3] AndroidManifest.xml:26:13-77
160            android:authorities="com.reactnativeboilerplate.firebaseinitprovider"
160-->[com.google.firebase:firebase-common:20.3.3] AndroidManifest.xml:27:13-72
161            android:directBootAware="true"
161-->[com.google.firebase:firebase-common:20.3.3] AndroidManifest.xml:28:13-43
162            android:exported="false"
162-->[com.google.firebase:firebase-common:20.3.3] AndroidManifest.xml:29:13-37
163            android:initOrder="100" />
163-->[com.google.firebase:firebase-common:20.3.3] AndroidManifest.xml:30:13-36
164        <provider
164-->[androidx.work:work-runtime:2.8.0] AndroidManifest.xml:29:9-37:20
165            android:name="androidx.startup.InitializationProvider"
165-->[androidx.work:work-runtime:2.8.0] AndroidManifest.xml:30:13-67
166            android:authorities="com.reactnativeboilerplate.androidx-startup"
166-->[androidx.work:work-runtime:2.8.0] AndroidManifest.xml:31:13-68
167            android:exported="false" >
167-->[androidx.work:work-runtime:2.8.0] AndroidManifest.xml:32:13-37
168            <meta-data
168-->[androidx.work:work-runtime:2.8.0] AndroidManifest.xml:34:13-36:52
169                android:name="androidx.work.WorkManagerInitializer"
169-->[androidx.work:work-runtime:2.8.0] AndroidManifest.xml:35:17-68
170                android:value="androidx.startup" />
170-->[androidx.work:work-runtime:2.8.0] AndroidManifest.xml:36:17-49
171            <meta-data
171-->[androidx.emoji2:emoji2:1.0.0] AndroidManifest.xml:31:13-33:52
172                android:name="androidx.emoji2.text.EmojiCompatInitializer"
172-->[androidx.emoji2:emoji2:1.0.0] AndroidManifest.xml:32:17-75
173                android:value="androidx.startup" />
173-->[androidx.emoji2:emoji2:1.0.0] AndroidManifest.xml:33:17-49
174            <meta-data
174-->[androidx.lifecycle:lifecycle-process:2.4.0] AndroidManifest.xml:31:13-33:52
175                android:name="androidx.lifecycle.ProcessLifecycleInitializer"
175-->[androidx.lifecycle:lifecycle-process:2.4.0] AndroidManifest.xml:32:17-78
176                android:value="androidx.startup" />
176-->[androidx.lifecycle:lifecycle-process:2.4.0] AndroidManifest.xml:33:17-49
177        </provider>
178
179        <service
179-->[androidx.work:work-runtime:2.8.0] AndroidManifest.xml:39:9-45:35
180            android:name="androidx.work.impl.background.systemalarm.SystemAlarmService"
180-->[androidx.work:work-runtime:2.8.0] AndroidManifest.xml:40:13-88
181            android:directBootAware="false"
181-->[androidx.work:work-runtime:2.8.0] AndroidManifest.xml:41:13-44
182            android:enabled="@bool/enable_system_alarm_service_default"
182-->[androidx.work:work-runtime:2.8.0] AndroidManifest.xml:42:13-72
183            android:exported="false" />
183-->[androidx.work:work-runtime:2.8.0] AndroidManifest.xml:43:13-37
184        <service
184-->[androidx.work:work-runtime:2.8.0] AndroidManifest.xml:46:9-52:35
185            android:name="androidx.work.impl.background.systemjob.SystemJobService"
185-->[androidx.work:work-runtime:2.8.0] AndroidManifest.xml:47:13-84
186            android:directBootAware="false"
186-->[androidx.work:work-runtime:2.8.0] AndroidManifest.xml:48:13-44
187            android:enabled="@bool/enable_system_job_service_default"
187-->[androidx.work:work-runtime:2.8.0] AndroidManifest.xml:49:13-70
188            android:exported="true"
188-->[androidx.work:work-runtime:2.8.0] AndroidManifest.xml:50:13-36
189            android:permission="android.permission.BIND_JOB_SERVICE" />
189-->[androidx.work:work-runtime:2.8.0] AndroidManifest.xml:51:13-69
190        <service
190-->[androidx.work:work-runtime:2.8.0] AndroidManifest.xml:53:9-59:35
191            android:name="androidx.work.impl.foreground.SystemForegroundService"
191-->[androidx.work:work-runtime:2.8.0] AndroidManifest.xml:54:13-81
192            android:directBootAware="false"
192-->[androidx.work:work-runtime:2.8.0] AndroidManifest.xml:55:13-44
193            android:enabled="@bool/enable_system_foreground_service_default"
193-->[androidx.work:work-runtime:2.8.0] AndroidManifest.xml:56:13-77
194            android:exported="false" />
194-->[androidx.work:work-runtime:2.8.0] AndroidManifest.xml:57:13-37
195
196        <receiver
196-->[androidx.work:work-runtime:2.8.0] AndroidManifest.xml:61:9-66:35
197            android:name="androidx.work.impl.utils.ForceStopRunnable$BroadcastReceiver"
197-->[androidx.work:work-runtime:2.8.0] AndroidManifest.xml:62:13-88
198            android:directBootAware="false"
198-->[androidx.work:work-runtime:2.8.0] AndroidManifest.xml:63:13-44
199            android:enabled="true"
199-->[androidx.work:work-runtime:2.8.0] AndroidManifest.xml:64:13-35
200            android:exported="false" />
200-->[androidx.work:work-runtime:2.8.0] AndroidManifest.xml:65:13-37
201        <receiver
201-->[androidx.work:work-runtime:2.8.0] AndroidManifest.xml:67:9-77:20
202            android:name="androidx.work.impl.background.systemalarm.ConstraintProxy$BatteryChargingProxy"
202-->[androidx.work:work-runtime:2.8.0] AndroidManifest.xml:68:13-106
203            android:directBootAware="false"
203-->[androidx.work:work-runtime:2.8.0] AndroidManifest.xml:69:13-44
204            android:enabled="false"
204-->[androidx.work:work-runtime:2.8.0] AndroidManifest.xml:70:13-36
205            android:exported="false" >
205-->[androidx.work:work-runtime:2.8.0] AndroidManifest.xml:71:13-37
206            <intent-filter>
206-->[androidx.work:work-runtime:2.8.0] AndroidManifest.xml:73:13-76:29
207                <action android:name="android.intent.action.ACTION_POWER_CONNECTED" />
207-->[androidx.work:work-runtime:2.8.0] AndroidManifest.xml:74:17-87
207-->[androidx.work:work-runtime:2.8.0] AndroidManifest.xml:74:25-84
208                <action android:name="android.intent.action.ACTION_POWER_DISCONNECTED" />
208-->[androidx.work:work-runtime:2.8.0] AndroidManifest.xml:75:17-90
208-->[androidx.work:work-runtime:2.8.0] AndroidManifest.xml:75:25-87
209            </intent-filter>
210        </receiver>
211        <receiver
211-->[androidx.work:work-runtime:2.8.0] AndroidManifest.xml:78:9-88:20
212            android:name="androidx.work.impl.background.systemalarm.ConstraintProxy$BatteryNotLowProxy"
212-->[androidx.work:work-runtime:2.8.0] AndroidManifest.xml:79:13-104
213            android:directBootAware="false"
213-->[androidx.work:work-runtime:2.8.0] AndroidManifest.xml:80:13-44
214            android:enabled="false"
214-->[androidx.work:work-runtime:2.8.0] AndroidManifest.xml:81:13-36
215            android:exported="false" >
215-->[androidx.work:work-runtime:2.8.0] AndroidManifest.xml:82:13-37
216            <intent-filter>
216-->[androidx.work:work-runtime:2.8.0] AndroidManifest.xml:84:13-87:29
217                <action android:name="android.intent.action.BATTERY_OKAY" />
217-->[androidx.work:work-runtime:2.8.0] AndroidManifest.xml:85:17-77
217-->[androidx.work:work-runtime:2.8.0] AndroidManifest.xml:85:25-74
218                <action android:name="android.intent.action.BATTERY_LOW" />
218-->[androidx.work:work-runtime:2.8.0] AndroidManifest.xml:86:17-76
218-->[androidx.work:work-runtime:2.8.0] AndroidManifest.xml:86:25-73
219            </intent-filter>
220        </receiver>
221        <receiver
221-->[androidx.work:work-runtime:2.8.0] AndroidManifest.xml:89:9-99:20
222            android:name="androidx.work.impl.background.systemalarm.ConstraintProxy$StorageNotLowProxy"
222-->[androidx.work:work-runtime:2.8.0] AndroidManifest.xml:90:13-104
223            android:directBootAware="false"
223-->[androidx.work:work-runtime:2.8.0] AndroidManifest.xml:91:13-44
224            android:enabled="false"
224-->[androidx.work:work-runtime:2.8.0] AndroidManifest.xml:92:13-36
225            android:exported="false" >
225-->[androidx.work:work-runtime:2.8.0] AndroidManifest.xml:93:13-37
226            <intent-filter>
226-->[androidx.work:work-runtime:2.8.0] AndroidManifest.xml:95:13-98:29
227                <action android:name="android.intent.action.DEVICE_STORAGE_LOW" />
227-->[androidx.work:work-runtime:2.8.0] AndroidManifest.xml:96:17-83
227-->[androidx.work:work-runtime:2.8.0] AndroidManifest.xml:96:25-80
228                <action android:name="android.intent.action.DEVICE_STORAGE_OK" />
228-->[androidx.work:work-runtime:2.8.0] AndroidManifest.xml:97:17-82
228-->[androidx.work:work-runtime:2.8.0] AndroidManifest.xml:97:25-79
229            </intent-filter>
230        </receiver>
231        <receiver
231-->[androidx.work:work-runtime:2.8.0] AndroidManifest.xml:100:9-109:20
232            android:name="androidx.work.impl.background.systemalarm.ConstraintProxy$NetworkStateProxy"
232-->[androidx.work:work-runtime:2.8.0] AndroidManifest.xml:101:13-103
233            android:directBootAware="false"
233-->[androidx.work:work-runtime:2.8.0] AndroidManifest.xml:102:13-44
234            android:enabled="false"
234-->[androidx.work:work-runtime:2.8.0] AndroidManifest.xml:103:13-36
235            android:exported="false" >
235-->[androidx.work:work-runtime:2.8.0] AndroidManifest.xml:104:13-37
236            <intent-filter>
236-->[androidx.work:work-runtime:2.8.0] AndroidManifest.xml:106:13-108:29
237                <action android:name="android.net.conn.CONNECTIVITY_CHANGE" />
237-->[androidx.work:work-runtime:2.8.0] AndroidManifest.xml:107:17-79
237-->[androidx.work:work-runtime:2.8.0] AndroidManifest.xml:107:25-76
238            </intent-filter>
239        </receiver>
240        <receiver
240-->[androidx.work:work-runtime:2.8.0] AndroidManifest.xml:110:9-121:20
241            android:name="androidx.work.impl.background.systemalarm.RescheduleReceiver"
241-->[androidx.work:work-runtime:2.8.0] AndroidManifest.xml:111:13-88
242            android:directBootAware="false"
242-->[androidx.work:work-runtime:2.8.0] AndroidManifest.xml:112:13-44
243            android:enabled="false"
243-->[androidx.work:work-runtime:2.8.0] AndroidManifest.xml:113:13-36
244            android:exported="false" >
244-->[androidx.work:work-runtime:2.8.0] AndroidManifest.xml:114:13-37
245            <intent-filter>
245-->[androidx.work:work-runtime:2.8.0] AndroidManifest.xml:116:13-120:29
246                <action android:name="android.intent.action.BOOT_COMPLETED" />
246-->[androidx.work:work-runtime:2.8.0] AndroidManifest.xml:117:17-79
246-->[androidx.work:work-runtime:2.8.0] AndroidManifest.xml:117:25-76
247                <action android:name="android.intent.action.TIME_SET" />
247-->[androidx.work:work-runtime:2.8.0] AndroidManifest.xml:118:17-73
247-->[androidx.work:work-runtime:2.8.0] AndroidManifest.xml:118:25-70
248                <action android:name="android.intent.action.TIMEZONE_CHANGED" />
248-->[androidx.work:work-runtime:2.8.0] AndroidManifest.xml:119:17-81
248-->[androidx.work:work-runtime:2.8.0] AndroidManifest.xml:119:25-78
249            </intent-filter>
250        </receiver>
251        <receiver
251-->[androidx.work:work-runtime:2.8.0] AndroidManifest.xml:122:9-131:20
252            android:name="androidx.work.impl.background.systemalarm.ConstraintProxyUpdateReceiver"
252-->[androidx.work:work-runtime:2.8.0] AndroidManifest.xml:123:13-99
253            android:directBootAware="false"
253-->[androidx.work:work-runtime:2.8.0] AndroidManifest.xml:124:13-44
254            android:enabled="@bool/enable_system_alarm_service_default"
254-->[androidx.work:work-runtime:2.8.0] AndroidManifest.xml:125:13-72
255            android:exported="false" >
255-->[androidx.work:work-runtime:2.8.0] AndroidManifest.xml:126:13-37
256            <intent-filter>
256-->[androidx.work:work-runtime:2.8.0] AndroidManifest.xml:128:13-130:29
257                <action android:name="androidx.work.impl.background.systemalarm.UpdateProxies" />
257-->[androidx.work:work-runtime:2.8.0] AndroidManifest.xml:129:17-98
257-->[androidx.work:work-runtime:2.8.0] AndroidManifest.xml:129:25-95
258            </intent-filter>
259        </receiver>
260        <receiver
260-->[androidx.work:work-runtime:2.8.0] AndroidManifest.xml:132:9-142:20
261            android:name="androidx.work.impl.diagnostics.DiagnosticsReceiver"
261-->[androidx.work:work-runtime:2.8.0] AndroidManifest.xml:133:13-78
262            android:directBootAware="false"
262-->[androidx.work:work-runtime:2.8.0] AndroidManifest.xml:134:13-44
263            android:enabled="true"
263-->[androidx.work:work-runtime:2.8.0] AndroidManifest.xml:135:13-35
264            android:exported="true"
264-->[androidx.work:work-runtime:2.8.0] AndroidManifest.xml:136:13-36
265            android:permission="android.permission.DUMP" >